Arguments: 
  /Users/shiwu/.nvm/versions/node/v20.3.0/bin/node /opt/homebrew/Cellar/yarn/1.22.17_2/libexec/bin/yarn.js install

PATH: 
  /Users/shiwu/.npm-global/bin:/Users/shiwu/.nvm/versions/node/v20.3.0/bin:/Users/shiwu/Library/pnpm:/Library/Frameworks/Python.framework/Versions/3.11/bin:/Library/Frameworks/Python.framework/Versions/3.10/bin:/opt/homebrew/bin:/opt/homebrew/sbin:/usr/local/bin:/usr/bin:/bin:/usr/sbin:/sbin:/Library/Apple/usr/bin:/Users/shiwu/anaconda3/bin:/Users/shiwu/anaconda3/condabin:/Users/shiwu/.npm-global/bin:/Users/shiwu/.nvm/versions/node/v20.3.0/bin:/Users/shiwu/Library/pnpm:/Library/Frameworks/Python.framework/Versions/3.11/bin:/Library/Frameworks/Python.framework/Versions/3.10/bin:/opt/homebrew/bin:/opt/homebrew/sbin:/Users/shiwu/.cargo/bin

Yarn version: 
  1.22.17

Node version: 
  20.3.0

Platform: 
  darwin arm64

Trace: 
  Error: https://registry.npm.alibaba-inc.com/g6v4: [not_found] document not found
      at params.callback [as _callback] (/opt/homebrew/Cellar/yarn/1.22.17_2/libexec/lib/cli.js:67029:18)
      at self.callback (/opt/homebrew/Cellar/yarn/1.22.17_2/libexec/lib/cli.js:140883:22)
      at Request.emit (node:events:511:28)
      at Request.<anonymous> (/opt/homebrew/Cellar/yarn/1.22.17_2/libexec/lib/cli.js:141855:10)
      at Request.emit (node:events:511:28)
      at IncomingMessage.<anonymous> (/opt/homebrew/Cellar/yarn/1.22.17_2/libexec/lib/cli.js:141777:12)
      at Object.onceWrapper (node:events:625:28)
      at IncomingMessage.emit (node:events:523:35)
      at endReadableNT (node:internal/streams/readable:1367:12)
      at process.processTicksAndRejections (node:internal/process/task_queues:82:21)

npm manifest: 
  {
    "name": "sigma-benchmark",
    "version": "0.0.0",
    "scripts": {
      "dev": "vite",
      "build": "vite build",
      "serve": "vite preview"
    },
    "devDependencies": {
      "vite": "^2.3.3"
    },
    "dependencies": {
      "sigma": "^2.0.0",
      "@antv/g6": "^5.0.0-beta.16",
      "g6v4": "@antv/g6@4.8.22",
      "graphology": "^0.23.2",
      "stats.js": "^0.17.0"
    },
    "repository": "https://code.alipay.com/xuzhi.mxz/sigma-benchmark.git"
  }

yarn manifest: 
  No manifest

Lockfile: 
  # THIS IS AN AUTOGENERATED FILE. DO NOT EDIT THIS FILE DIRECTLY.
  # yarn lockfile v1
  
  
  "@ant-design/colors@^7.0.0":
    version "7.0.0"
    resolved "https://registry.npm.alibaba-inc.com/@ant-design/colors/download/@ant-design/colors-7.0.0.tgz#eb7eecead124c3533aea05d61254f0a17f2b61b3"
    integrity sha512-iVm/9PfGCbC0dSMBrz7oiEXZaaGH7ceU40OJEfKmyuzR9R5CRimJYPlRiFtMQGQcbNMea/ePcoIebi4ASGYXtg==
    dependencies:
      "@ctrl/tinycolor" "^3.4.0"
  
  "@antv/algorithm@^0.1.26":
    version "0.1.26"
    resolved "https://registry.npmjs.org/@antv/algorithm/-/algorithm-0.1.26.tgz#e3f5e7f1d8db5b415c3f31e32b119cbcafc8f5de"
    integrity sha512-DVhcFSQ8YQnMNW34Mk8BSsfc61iC1sAnmcfYoXTAshYHuU50p/6b7x3QYaGctDNKWGvi1ub7mPcSY0bK+aN0qg==
    dependencies:
      "@antv/util" "^2.0.13"
      tslib "^2.0.0"
  
  "@antv/dom-util@^2.0.3":
    version "2.0.4"
    resolved "https://registry.npmjs.org/@antv/dom-util/-/dom-util-2.0.4.tgz#b09b56c56fec42896fc856edad56b595b47ab514"
    integrity sha512-2shXUl504fKwt82T3GkuT4Uoc6p9qjCKnJ8gXGLSW4T1W37dqf9AV28aCfoVPHp2BUXpSsB+PAJX2rG/jLHsLQ==
    dependencies:
      tslib "^2.0.3"
  
  "@antv/event-emitter@^0.1.3", "@antv/event-emitter@latest":
    version "0.1.3"
    resolved "https://registry.npmjs.org/@antv/event-emitter/-/event-emitter-0.1.3.tgz#3e06323b9dcd55a3241ddc7c5458cfabd2095164"
    integrity sha512-4ddpsiHN9Pd4UIlWuKVK1C4IiZIdbwQvy9i7DUSI3xNJ89FPUFt8lxDYj8GzzfdllV0NkJTRxnG+FvLk0llidg==
  
  "@antv/g-camera-api@1.2.15":
    version "1.2.15"
    resolved "https://registry.npmjs.org/@antv/g-camera-api/-/g-camera-api-1.2.15.tgz#d7d16bed739e4db809ec9dceed5c891e51d11dbf"
    integrity sha512-Tg190ZAsqqG5+RQMvfcO3a7GAvW2j6xBTd+oV42s6/Qns9SMx03/APIopccxNMKarHfoAcV5aLwTlEgv81hWug==
    dependencies:
      "@antv/g-lite" "1.2.15"
      "@antv/util" "^3.3.4"
      gl-matrix "^3.4.3"
      tslib "^2.5.3"
  
  "@antv/g-canvas@^1.11.19":
    version "1.11.19"
    resolved "https://registry.npmjs.org/@antv/g-canvas/-/g-canvas-1.11.19.tgz#15e1d6b5bf2bb4d99b5367164ef175e26dddb92e"
    integrity sha512-mzlCHBjkjtBvXmOE7rTNgPoC7Z8DiZHtkwEDi2qCfPdDADVsK7/DLYSu1/yYvhxtA7pDaMqNhxXR2yYIl2ByVA==
    dependencies:
      "@antv/g-lite" "1.2.15"
      "@antv/g-plugin-canvas-path-generator" "1.3.15"
      "@antv/g-plugin-canvas-picker" "1.10.16"
      "@antv/g-plugin-canvas-renderer" "1.9.16"
      "@antv/g-plugin-dom-interaction" "1.9.15"
      "@antv/g-plugin-html-renderer" "1.9.18"
      "@antv/g-plugin-image-loader" "1.3.15"
      "@antv/util" "^3.3.4"
      tslib "^2.5.3"
  
  "@antv/g-device-api@^1.3.0":
    version "1.3.1"
    resolved "https://registry.npmjs.org/@antv/g-device-api/-/g-device-api-1.3.1.tgz#7f7b6865e243f03be0f32f91cd619a221a21afa1"
    integrity sha512-nfHNeQMxiHPomKw1pK8W/Xe+AyDsqriDx2wCeET5XcCi5Mc4Fhqcfyv/J2BkfQ6hayRIZhAddBZyvrk07OGYSA==
    dependencies:
      "@antv/util" "^3.3.4"
      "@webgpu/types" "^0.1.34"
      eventemitter3 "^5.0.1"
      gl-matrix "^3.4.3"
      tslib "^2.5.3"
  
  "@antv/g-dom-mutation-observer-api@1.2.15":
    version "1.2.15"
    resolved "https://registry.npmjs.org/@antv/g-dom-mutation-observer-api/-/g-dom-mutation-observer-api-1.2.15.tgz#faa7c890599a993ee2f9d4ec4fc847db9898eb15"
    integrity sha512-SEN/fM765lQvTUbKdrF6RfwOC7giF0AbHMF1TBkzBpD1p1HLuWJbYwrTsi8t0vWXzor8r+IZNQNYYavLq34bKg==
    dependencies:
      "@antv/g-lite" "1.2.15"
  
  "@antv/g-lite@1.2.15":
    version "1.2.15"
    resolved "https://registry.npmjs.org/@antv/g-lite/-/g-lite-1.2.15.tgz#3d41a7aa09ed187608a924b6072bf6a7f239ead7"
    integrity sha512-OsL3FqNTNdogwMg3COmaolNn9fdbYWSL/mZWSh0qOnYjjQrqng1pTbqFDUAYWNghAdbSSUfOsHlSUONcfSglJQ==
    dependencies:
      "@antv/g-math" "2.0.2"
      "@antv/util" "^3.3.4"
      d3-color "^1.4.0"
      eventemitter3 "^5.0.1"
      gl-matrix "^3.4.3"
      rbush "^3.0.1"
      tslib "^2.5.3"
  
  "@antv/g-math@2.0.2":
    version "2.0.2"
    resolved "https://registry.npmjs.org/@antv/g-math/-/g-math-2.0.2.tgz#fc37e3e90591a52657553017ddadf55177d18a12"
    integrity sha512-uqGU1C+70orjeSUoIzD3TuXjL5dRQCIyjZrBrTmm0FWd6VQJMWHyG5ypuZ2lMiI5MrRajVSE1w+3J4hiNBYSJg==
    dependencies:
      "@antv/util" "^3.3.4"
      gl-matrix "^3.4.3"
      tslib "^2.5.3"
  
  "@antv/g-plugin-3d@^1.9.22":
    version "1.9.22"
    resolved "https://registry.npmjs.org/@antv/g-plugin-3d/-/g-plugin-3d-1.9.22.tgz#b9a037da7f98454bde6ee2436f0ef202019f84c0"
    integrity sha512-RZWS69Xm2S8ApVmygPRZgIO5Wat4409WOMLfW0XOw7RhcIUVrkhs9wEZJzoGcgYhlyMI75k6EFqD9Np3YvHSHw==
    dependencies:
      "@antv/g-device-api" "^1.3.0"
      "@antv/g-lite" "1.2.15"
      "@antv/g-plugin-device-renderer" "1.9.22"
      "@antv/g-shader-components" "1.8.5"
      gl-matrix "^3.4.3"
      tslib "^2.5.3"
  
  "@antv/g-plugin-canvas-path-generator@1.3.15":
    version "1.3.15"
    resolved "https://registry.npmjs.org/@antv/g-plugin-canvas-path-generator/-/g-plugin-canvas-path-generator-1.3.15.tgz#faa2b33873e9432409ed26cd82dc382614c0931e"
    integrity sha512-dSosvMevvMVhqh9OOsgsKa75Ty7EpY45my5AYF7j2k9vh9bqmhk3QURQHu/D8qMbdWe8x9ZmOXIdP8+Ad7LWsA==
    dependencies:
      "@antv/g-lite" "1.2.15"
      "@antv/g-math" "2.0.2"
      "@antv/util" "^3.3.4"
      tslib "^2.5.3"
  
  "@antv/g-plugin-canvas-picker@1.10.16":
    version "1.10.16"
    resolved "https://registry.npmjs.org/@antv/g-plugin-canvas-picker/-/g-plugin-canvas-picker-1.10.16.tgz#586df27ece1ba82de211d18d938ec199b136ae09"
    integrity sha512-rgNiHq738WkI1OP421zCL05G7q2Z8eUzwitq8c9gGAKslpwGrU/c/YMTF69VFIstYtRIssWrUQSiI2JDmdmImw==
    dependencies:
      "@antv/g-lite" "1.2.15"
      "@antv/g-math" "2.0.2"
      "@antv/g-plugin-canvas-path-generator" "1.3.15"
      "@antv/g-plugin-canvas-renderer" "1.9.16"
      "@antv/util" "^3.3.4"
      gl-matrix "^3.4.3"
      tslib "^2.5.3"
  
  "@antv/g-plugin-canvas-renderer@1.9.16":
    version "1.9.16"
    resolved "https://registry.npmjs.org/@antv/g-plugin-canvas-renderer/-/g-plugin-canvas-renderer-1.9.16.tgz#f2bec2e48d21f6b69f63a4aaeece462249cf1312"
    integrity sha512-2ScW0xVlDf4JCRtzlWTq3ZvKbfJaplLFa811fxiqbkomYoxMqZhQkJS0GjNjv7fUHNbyBvdUVPzpumZTGtCN/A==
    dependencies:
      "@antv/g-lite" "1.2.15"
      "@antv/g-math" "2.0.2"
      "@antv/g-plugin-canvas-path-generator" "1.3.15"
      "@antv/g-plugin-image-loader" "1.3.15"
      "@antv/util" "^3.3.4"
      gl-matrix "^3.4.3"
      tslib "^2.5.3"
  
  "@antv/g-plugin-control@^1.9.15":
    version "1.9.15"
    resolved "https://registry.npmjs.org/@antv/g-plugin-control/-/g-plugin-control-1.9.15.tgz#43b8fa3d34cc962678bb2c44a25e3b8864e901ce"
    integrity sha512-W1xrrGuInNCresZIzmgGhwoe7Z9d06srjSqD2k5W+yD+TlKYvv35maOCGS/tmhPSfWCSkfQENwC+NoyiJNomVw==
    dependencies:
      "@antv/g-lite" "1.2.15"
      hammerjs "^2.0.8"
      tslib "^2.5.3"
  
  "@antv/g-plugin-device-renderer@1.9.22":
    version "1.9.22"
    resolved "https://registry.npmjs.org/@antv/g-plugin-device-renderer/-/g-plugin-device-renderer-1.9.22.tgz#5400b5447b015b57bf1332cd50525067e51a933d"
    integrity sha512-ImN3BuqvmOoGoO6FXRJqVYQnhX1wuK2gUikRhbWCjw52pcIt/mv/VzxVO26KMcDAKWWTiGDKlIqCdURs2mtiJA==
    dependencies:
      "@antv/g-device-api" "^1.3.0"
      "@antv/g-lite" "1.2.15"
      "@antv/g-math" "2.0.2"
      "@antv/g-plugin-image-loader" "1.3.15"
      "@antv/g-shader-components" "1.8.5"
      "@antv/util" "^3.3.4"
      "@webgpu/types" "^0.1.6"
      earcut "^2.2.3"
      eventemitter3 "^5.0.1"
      gl-matrix "^3.4.3"
      tslib "^2.5.3"
  
  "@antv/g-plugin-dom-interaction@1.9.15":
    version "1.9.15"
    resolved "https://registry.npmjs.org/@antv/g-plugin-dom-interaction/-/g-plugin-dom-interaction-1.9.15.tgz#4a610f483b1624a86c8bea048811a56f06aa8e27"
    integrity sha512-uWc5KEQskk69VuakbJ2hMvzzw86Vpt8xOSvZu2JwmWmPsptlVcx4wURSDkwBqgMUu5lMfMiLym0ovAazkFoM7A==
    dependencies:
      "@antv/g-lite" "1.2.15"
      tslib "^2.5.3"
  
  "@antv/g-plugin-dragndrop@^1.8.15":
    version "1.8.15"
    resolved "https://registry.npmjs.org/@antv/g-plugin-dragndrop/-/g-plugin-dragndrop-1.8.15.tgz#d0d563ddccd1dfe1027b5d31472044a750e68689"
    integrity sha512-p1Tfue3BYN49uos2QXVy+fYyE2bD8/wayivOCMiDYIjQabUdw0rQ5FH3JnKAMRQ2RfNaQn9ArSlCtAhG8NiX0w==
    dependencies:
      "@antv/g-lite" "1.2.15"
      "@antv/util" "^3.3.4"
      tslib "^2.5.3"
  
  "@antv/g-plugin-html-renderer@1.9.18":
    version "1.9.18"
    resolved "https://registry.npmjs.org/@antv/g-plugin-html-renderer/-/g-plugin-html-renderer-1.9.18.tgz#3345387b6e29329779bd7d711e6214358e97926b"
    integrity sha512-O8QLrMLm3aW2mddUqMp8/gVL0qGuN4JSvrv+l/x4T8iHyyjE0GDCXaLoiHPVeQmREYKanTLYp4Y2F24N2G53jQ==
    dependencies:
      "@antv/g-lite" "1.2.15"
      "@antv/util" "^3.3.4"
      gl-matrix "^3.4.3"
      tslib "^2.5.3"
  
  "@antv/g-plugin-image-loader@1.3.15":
    version "1.3.15"
    resolved "https://registry.npmjs.org/@antv/g-plugin-image-loader/-/g-plugin-image-loader-1.3.15.tgz#c92a5911c03c2f9ad9a5411001101c521d3411e6"
    integrity sha512-L9WD3fObMc5KsNCpVnVV5tbL2VvVJxctxU7p0IVaix/4DhcwspIZzm0C3iLwDvsIVNJNahJi2ndEd5j998eosA==
    dependencies:
      "@antv/g-lite" "1.2.15"
      "@antv/util" "^3.3.4"
      gl-matrix "^3.4.3"
      tslib "^2.5.3"
  
  "@antv/g-plugin-svg-picker@1.9.17":
    version "1.9.17"
    resolved "https://registry.npmjs.org/@antv/g-plugin-svg-picker/-/g-plugin-svg-picker-1.9.17.tgz#88572ba3ef85f0130955f98f48b5efeedd0a360b"
    integrity sha512-/SCW2HFi1AcTMw30wZwF/z95ZmFdVl102zQ3WI7cMKPQDELkSjnNDTjKvmmrCzHKfr7azIcqtuDz2u3WfREhpQ==
    dependencies:
      "@antv/g-lite" "1.2.15"
      "@antv/g-plugin-svg-renderer" "1.10.17"
      tslib "^2.5.3"
  
  "@antv/g-plugin-svg-renderer@1.10.17":
    version "1.10.17"
    resolved "https://registry.npmjs.org/@antv/g-plugin-svg-renderer/-/g-plugin-svg-renderer-1.10.17.tgz#4ea93436625a4c412555fa6f49d6c9a6f1997d27"
    integrity sha512-9GLFlHP/aF99D9KKiDxdNHVvTkO4qCBMHRq1iR/lctQXFdgFo1QQW5TnUv0WFYy6VN6+mkDFovVpEAIj2GdNWw==
    dependencies:
      "@antv/g-lite" "1.2.15"
      "@antv/util" "^3.3.4"
      gl-matrix "^3.4.3"
      tslib "^2.5.3"
  
  "@antv/g-shader-components@1.8.5":
    version "1.8.5"
    resolved "https://registry.npmjs.org/@antv/g-shader-components/-/g-shader-components-1.8.5.tgz#ec312960737e4e98c6000859c8b054a575cc6c27"
    integrity sha512-MkVkTQBfA9mJ5jR75XA8yI96jcq4WC+p3VqxMNiiJ4mP7Oqb+oNqKJzxyX7Hfuu6IQ6PC2AOonE27OhR0z/5zg==
  
  "@antv/g-svg@^1.10.17":
    version "1.10.17"
    resolved "https://registry.npmjs.org/@antv/g-svg/-/g-svg-1.10.17.tgz#1f5b75d09fe05ffcf36d861f561254e6e3c4328f"
    integrity sha512-2PsNcKNnArOeoxr8PF7o+CCH/tim5/APjE5nOZbobuUWxpUrLDh1RMQzI531DGLYvho/7zo1aTXTGzZ9PkVZiw==
    dependencies:
      "@antv/g-lite" "1.2.15"
      "@antv/g-plugin-dom-interaction" "1.9.15"
      "@antv/g-plugin-svg-picker" "1.9.17"
      "@antv/g-plugin-svg-renderer" "1.10.17"
      "@antv/util" "^3.3.4"
      tslib "^2.5.3"
  
  "@antv/g-web-animations-api@1.2.15":
    version "1.2.15"
    resolved "https://registry.npmjs.org/@antv/g-web-animations-api/-/g-web-animations-api-1.2.15.tgz#addd703c8780a51e25bbae23a7dc529a1304258c"
    integrity sha512-tGjTKlMWbizb8o/hDIHcw1E1o6uS+N3f8dK8A5vTzdBVYWsX0TUEPENTZuQTPgpCU7Rpm3JdtlQc7WAXuSqa6A==
    dependencies:
      "@antv/g-lite" "1.2.15"
      "@antv/util" "^3.3.4"
      tslib "^2.5.3"
  
  "@antv/g-webgl@^1.9.25":
    version "1.9.25"
    resolved "https://registry.npmjs.org/@antv/g-webgl/-/g-webgl-1.9.25.tgz#ed48fea9ce275065f3ceec2a10e7623daf174ba4"
    integrity sha512-uPV54oRSngRNnwkPgcxyguso2NrkmEAfcJrZQyYHEmmPkj0nF5g/kQm0+86k03J2iiwonCJiRiz+J7wsvudoNQ==
    dependencies:
      "@antv/g-device-api" "^1.3.0"
      "@antv/g-lite" "1.2.15"
      "@antv/g-plugin-device-renderer" "1.9.22"
      "@antv/g-plugin-dom-interaction" "1.9.15"
      "@antv/g-plugin-html-renderer" "1.9.18"
      "@antv/g-plugin-image-loader" "1.3.15"
      "@antv/util" "^3.3.4"
      tslib "^2.5.3"
  
  "@antv/g-webgpu-core@^0.7.2":
    version "0.7.2"
    resolved "https://registry.npmjs.org/@antv/g-webgpu-core/-/g-webgpu-core-0.7.2.tgz#65ef2a1253e319ffb2ed568d222b8313635d6677"
    integrity sha512-xUMmop7f3Rs34zFYKXLqHhDR1CQTeDl/7vI7Sn3X/73BqJc3X3HIIRvm83Fg2CjVACaOzw4WeLRXNaOCp9fz9w==
    dependencies:
      eventemitter3 "^4.0.0"
      gl-matrix "^3.1.0"
      lodash "^4.17.15"
      probe.gl "^3.1.1"
  
  "@antv/g-webgpu-engine@^0.7.2":
    version "0.7.2"
    resolved "https://registry.npmjs.org/@antv/g-webgpu-engine/-/g-webgpu-engine-0.7.2.tgz#64631f24930f449ef41ffff6429d4fb9519eca23"
    integrity sha512-lx8Y93IW2cnJvdoDRKyMmTdYqSC1pOmF0nyG3PGGyA0NI9vBYVgO0KTF6hkyWjdTWVq7XDZyf/h8CJridLh3lg==
    dependencies:
      "@antv/g-webgpu-core" "^0.7.2"
      gl-matrix "^3.1.0"
      lodash "^4.17.15"
      regl "^1.3.11"
  
  "@antv/g-webgpu@0.7.2":
    version "0.7.2"
    resolved "https://registry.npmjs.org/@antv/g-webgpu/-/g-webgpu-0.7.2.tgz#39ba2123816322fec9563236211ad8ab1e40924d"
    integrity sha512-kw+oYGsdvj5qeUfy5DPb/jztZBV+2fmqBd3Vv8NlKatfBmv8AirYX/CCW74AUSdWm99rEiLyxFB1VdRZ6b/wnQ==
    dependencies:
      "@antv/g-webgpu-core" "^0.7.2"
      "@antv/g-webgpu-engine" "^0.7.2"
      gl-matrix "^3.1.0"
      gl-vec2 "^1.3.0"
      lodash "^4.17.15"
  
  "@antv/g6@^5.0.0-beta.16":
    version "5.0.0-beta.16"
    resolved "https://registry.npmjs.org/@antv/g6/-/g6-5.0.0-beta.16.tgz#e21f9555590b0a67ca5bdb0c38d68b1a41b53ade"
    integrity sha512-0qxbr7OXuxXNXO7MMYjaONewbjsa3kGDhPaIRMPhqTMb9UeIHrXMRvA7wUHLR3JRrs/0uHaziOvr+6izbrUYoQ==
    dependencies:
      "@ant-design/colors" "^7.0.0"
      "@antv/algorithm" "^0.1.26"
      "@antv/event-emitter" latest
      "@antv/g" "^5.18.16"
      "@antv/g-canvas" "^1.11.19"
      "@antv/g-plugin-3d" "^1.9.22"
      "@antv/g-plugin-control" "^1.9.15"
      "@antv/g-plugin-dragndrop" "^1.8.15"
      "@antv/g-svg" "^1.10.17"
      "@antv/g-webgl" "^1.9.25"
      "@antv/graphlib" "^2.0.2"
      "@antv/gui" "0.5.1-alpha.1"
      "@antv/hierarchy" latest
      "@antv/layout" "^1.2.11"
      "@antv/layout-gpu" "^1.1.5"
      "@antv/layout-wasm" "1.3.1"
      "@antv/util" "^3.3.5"
      color "^4.2.3"
      gl-matrix "^3.4.3"
      insert-css "^2.0.0"
      tslib "^2.5.0"
  
  "@antv/g@^5.15.15", "@antv/g@^5.18.16":
    version "5.18.16"
    resolved "https://registry.npmjs.org/@antv/g/-/g-5.18.16.tgz#1d37647a3d62da6da31cfd1328761b8229a0e25c"
    integrity sha512-yoiioVJkEMrUIbDFGW5kXnl5iYNNoxyonXrDSfBQpc9PBGkW8uo6tRcA9l+iJErDABKub8Dw8eJHfRRrCsrKsQ==
    dependencies:
      "@antv/g-camera-api" "1.2.15"
      "@antv/g-dom-mutation-observer-api" "1.2.15"
      "@antv/g-lite" "1.2.15"
      "@antv/g-web-animations-api" "1.2.15"
  
  "@antv/graphlib@^2.0.0", "@antv/graphlib@^2.0.2":
    version "2.0.2"
    resolved "https://registry.npmjs.org/@antv/graphlib/-/graphlib-2.0.2.tgz#58614cc67dbcda9e99f594a0ef41f9de3a16662d"
    integrity sha512-tyTzmSRgbkkC7k3H5zAw9IpQXEC90SRr66lvVo31PDA06ilCCU/jLXR6isH92oKEgB5j2/L1aJ+MRjMUm/0MGw==
    dependencies:
      "@antv/event-emitter" "^0.1.3"
  
  "@antv/gui@0.5.1-alpha.1":
    version "0.5.1-alpha.1"
    resolved "https://registry.npmjs.org/@antv/gui/-/gui-0.5.1-alpha.1.tgz#6a8fa4eb7ab2fee15ba57333d4ddd0faf6859c2d"
    integrity sha512-t3IvpnMIgGrUvw9/DHpZmQ+jqBwhD1YtOj6eusEbiJlZMubSX3UgpuFiSbZWCxIqgCUANSibsD1L6s8/1bfH/g==
    dependencies:
      "@antv/dom-util" "^2.0.3"
      "@antv/g" "^5.15.15"
      "@antv/scale" "^0.4.3"
      "@antv/util" "^3.3.1"
      svg-path-parser "^1.1.0"
  
  "@antv/hierarchy@latest":
    version "0.6.11"
    resolved "https://registry.npmjs.org/@antv/hierarchy/-/hierarchy-0.6.11.tgz#244d6820347170e0107f3611802d1e5bb089ca7a"
    integrity sha512-RJVhEMCuu4vj+Dt25lXIiNdd7jaqm/fqWGYikiELha4S5tnzdJoTUaUvvpfWlxLx4B0RsS9XRwBs1bOKN71TKg==
    dependencies:
      "@antv/util" "^2.0.7"
  
  "@antv/layout-gpu@^1.1.5":
    version "1.1.5"
    resolved "https://registry.npmjs.org/@antv/layout-gpu/-/layout-gpu-1.1.5.tgz#5c3bf4c0155b9405ae10f4853e1c82854b193064"
    integrity sha512-VA1X4XODgeFrJbhld37dWqPCVnKLEdlu3Hb7BMDh1XZRLg9rxHSu3gthFGJpnRR1iOPTZ1DuvzpzEUyfYKhpFQ==
    dependencies:
      "@antv/g-webgpu" "0.7.2"
      "@antv/layout" "1.2.4"
      "@antv/util" "^3.3.2"
      tslib "^2.5.0"
  
  "@antv/layout-wasm@1.3.1":
    version "1.3.1"
    resolved "https://registry.npmjs.org/@antv/layout-wasm/-/layout-wasm-1.3.1.tgz#845d6d7519aa606e5c49986c49190d461c433286"
    integrity sha512-79TAeBg8h/pyCFgdf+wuJ0oyrvIh82CvO6FiGJ0ekWF2eNueXodBscB5A8GvQStSlKTlBS2SvWzAmnhltpVoEw==
    dependencies:
      "@antv/layout" "1.2.1"
      "@antv/util" "^3.3.2"
      comlink "^4.3.1"
      tslib "^2.5.0"
      wasm-feature-detect "^1.2.10"
  
  "@antv/layout@1.2.1":
    version "1.2.1"
    resolved "https://registry.npmjs.org/@antv/layout/-/layout-1.2.1.tgz#cf3a7de3c309791dfe52678d86d0da16a75cce11"
    integrity sha512-hygGh1Fa2SbxMbR/Lku+TKsiSmdf8zvHS3+/txJ+powrXadtlrefV/oCZR4h0zvmQyMnl9txlIo1F8EYlGC8Dw==
    dependencies:
      "@antv/graphlib" "^2.0.0"
      "@antv/util" "^3.3.2"
      comlink "^4.4.1"
      d3-force "^3.0.0"
      d3-octree "^1.0.2"
      d3-quadtree "^3.0.1"
      eventemitter3 "^4.0.0"
      ml-matrix "^6.10.4"
      tslib "^2.5.0"
  
  "@antv/layout@1.2.4":
    version "1.2.4"
    resolved "https://registry.npmjs.org/@antv/layout/-/layout-1.2.4.tgz#7d94cbd1657e02cc142cd8cce4927b367f07db2c"
    integrity sha512-reMxcNUnpl1MAx1Lo9cZXiZntIzjuTzcMgF3L+udeWekjJw8kIbqSbgJDHaDZtxquZiFN7jjKewNq3t+Q6XlJA==
    dependencies:
      "@antv/event-emitter" "^0.1.3"
      "@antv/graphlib" "^2.0.0"
      "@antv/util" "^3.3.2"
      "@naoak/workerize-transferable" "^0.1.0"
      comlink "^4.4.1"
      d3-force "^3.0.0"
      d3-octree "^1.0.2"
      d3-quadtree "^3.0.1"
      ml-matrix "^6.10.4"
      tslib "^2.5.0"
  
  "@antv/layout@^1.2.11":
    version "1.2.11"
    resolved "https://registry.npmjs.org/@antv/layout/-/layout-1.2.11.tgz#621ab9abeccb73a52b4aea0f9bb8c55fd98986f3"
    integrity sha512-UJ1J/PwP0muP1k6T8PRaYp0nwbpD0w7iIOdYesQ7KOVUIfYqbwkNBOOmxw4LX5gHR2ZQ9fnyDu2PH+aNUjzmhg==
    dependencies:
      "@antv/event-emitter" "^0.1.3"
      "@antv/graphlib" "^2.0.0"
      "@antv/util" "^3.3.2"
      "@naoak/workerize-transferable" "^0.1.0"
      comlink "^4.4.1"
      d3-force "^3.0.0"
      d3-octree "^1.0.2"
      d3-quadtree "^3.0.1"
      ml-matrix "^6.10.4"
      tslib "^2.5.0"
  
  "@antv/scale@^0.4.3":
    version "0.4.12"
    resolved "https://registry.npmjs.org/@antv/scale/-/scale-0.4.12.tgz#a7d68c3bf8e21a4569a716a06934a605ea1eaedf"
    integrity sha512-7klJjPXUpCwYc7WADh1XBC11DJYrP5fJoNfv4Ks6z7zPkIM7/PTGr+nU48P69nFL3X04Pe7QjVpevdfCqWvhZQ==
    dependencies:
      "@antv/util" "^2.0.13"
      color-string "^1.5.5"
      fecha "^4.2.1"
  
  "@antv/util@^2.0.13", "@antv/util@^2.0.7":
    version "2.0.17"
    resolved "https://registry.npmjs.org/@antv/util/-/util-2.0.17.tgz#e8ef42aca7892815b229269f3dd10c6b3c7597a9"
    integrity sha512-o6I9hi5CIUvLGDhth0RxNSFDRwXeywmt6ExR4+RmVAzIi48ps6HUy+svxOCayvrPBN37uE6TAc2KDofRo0nK9Q==
    dependencies:
      csstype "^3.0.8"
      tslib "^2.0.3"
  
  "@antv/util@^3.3.1", "@antv/util@^3.3.2", "@antv/util@^3.3.4", "@antv/util@^3.3.5":
    version "3.3.5"
    resolved "https://registry.npmjs.org/@antv/util/-/util-3.3.5.tgz#502f924833b37b39c3e4ca59c1982f4ed0e3d4c6"
    integrity sha512-bVv1loamL/MgUEN9dNt7VKAsghO4Wgb+kzr8B9TgkM5tHgKk++xiTwi3pejIdgU8DDkzcyaRsO+VTOXJt8jLng==
    dependencies:
      fast-deep-equal "^3.1.3"
      flru "^1.0.2"
      gl-matrix "^3.3.0"
      tslib "^2.3.1"
  
  "@babel/runtime@^7.0.0":
    version "7.23.1"
    resolved "https://registry.npm.alibaba-inc.com/@babel/runtime/download/@babel/runtime-7.23.1.tgz#72741dc4d413338a91dcb044a86f3c0bc402646d"
    integrity sha512-hC2v6p8ZSI/W0HUzh3V8C5g+NwSKzKPtJwSpTjwl0o297GP9+ZLQSkdvHz46CM3LqyoXxq+5G9komY+eSqSO0g==
    dependencies:
      regenerator-runtime "^0.14.0"
  
  "@ctrl/tinycolor@^3.4.0":
    version "3.6.1"
    resolved "https://registry.npm.alibaba-inc.com/@ctrl/tinycolor/download/@ctrl/tinycolor-3.6.1.tgz#b6c75a56a1947cc916ea058772d666a2c8932f31"
    integrity sha512-SITSV6aIXsuVNV3f3O0f2n/cgyEDWoSqtZMYiAmcsYHydcKrOz3gUxB/iXd/Qf08+IZX4KpgNbvUdMBmWz+kcA==
  
  "@esbuild/linux-loong64@0.14.54":
    version "0.14.54"
    resolved "https://registry.npm.alibaba-inc.com/@esbuild/linux-loong64/download/@esbuild/linux-loong64-0.14.54.tgz#de2a4be678bd4d0d1ffbb86e6de779cde5999028"
    integrity sha512-bZBrLAIX1kpWelV0XemxBZllyRmM6vgFQQG2GdNb+r3Fkp0FOh1NJSvekXDs7jq70k4euu1cryLMfU+mTXlEpw==
  
  "@naoak/workerize-transferable@^0.1.0":
    version "0.1.0"
    resolved "https://registry.npm.alibaba-inc.com/@naoak/workerize-transferable/download/@naoak/workerize-transferable-0.1.0.tgz#864cc8241b977bffd8661c0be1441da9b4bfb633"
    integrity sha1-hkzIJBuXe//YZhwL4UQdqbS/tjM=
  
  "@probe.gl/env@3.6.0":
    version "3.6.0"
    resolved "https://registry.npm.alibaba-inc.com/@probe.gl/env/download/@probe.gl/env-3.6.0.tgz#33343fd9041a14d21374c1911826d4a2f9d9a35d"
    integrity sha512-4tTZYUg/8BICC3Yyb9rOeoKeijKbZHRXBEKObrfPmX4sQmYB15ZOUpoVBhAyJkOYVAM8EkPci6Uw5dLCwx2BEQ==
    dependencies:
      "@babel/runtime" "^7.0.0"
  
  "@probe.gl/log@3.6.0":
    version "3.6.0"
    resolved "https://registry.npm.alibaba-inc.com/@probe.gl/log/download/@probe.gl/log-3.6.0.tgz#c645bfd22b4769dc65161caa17f13bd2b231e413"
    integrity sha512-hjpyenpEvOdowgZ1qMeCJxfRD4JkKdlXz0RC14m42Un62NtOT+GpWyKA4LssT0+xyLULCByRAtG2fzZorpIAcA==
    dependencies:
      "@babel/runtime" "^7.0.0"
      "@probe.gl/env" "3.6.0"
  
  "@probe.gl/stats@3.6.0":
    version "3.6.0"
    resolved "https://registry.npm.alibaba-inc.com/@probe.gl/stats/download/@probe.gl/stats-3.6.0.tgz#a1bb12860fa6f40b9c028f9eb575d7ada0b4dbdd"
    integrity sha512-JdALQXB44OP4kUBN/UrQgzbJe4qokbVF4Y8lkIA8iVCFnjVowWIgkD/z/0QO65yELT54tTrtepw1jScjKB+rhQ==
    dependencies:
      "@babel/runtime" "^7.0.0"
  
  "@webgpu/types@^0.1.34", "@webgpu/types@^0.1.6":
    version "0.1.37"
    resolved "https://registry.npm.alibaba-inc.com/@webgpu/types/download/@webgpu/types-0.1.37.tgz#738ec60652a90ad712658f49aa06bc667b0c7056"
    integrity sha512-hfndFDYk5AlZUE/qZ1kSuZHLobxzsbn7/jdJEJfmn4kg3rTM0+A+5TC/+z7lg3L74tSNEtZUVk7ojXw31wzeFw==
  
  "@yomguithereal/helpers@^1.1.1":
    version "1.1.1"
    resolved "https://registry.npm.alibaba-inc.com/@yomguithereal/helpers/download/@yomguithereal/helpers-1.1.1.tgz#185dfb0f88ca2beec53d0adf6eed15c33b1c549d"
    integrity sha1-GF37D4jKK+7FPQrfbu0VwzscVJ0=
  
  color-convert@^2.0.1:
    version "2.0.1"
    resolved "https://registry.npm.alibaba-inc.com/color-convert/download/color-convert-2.0.1.tgz#72d3a68d598c9bdb3af2ad1e84f21d896abd4de3"
    integrity sha1-ctOmjVmMm9s68q0ehPIdiWq9TeM=
    dependencies:
      color-name "~1.1.4"
  
  color-name@^1.0.0, color-name@~1.1.4:
    version "1.1.4"
    resolved "https://registry.npm.alibaba-inc.com/color-name/download/color-name-1.1.4.tgz#c2a09a87acbde69543de6f63fa3995c826c536a2"
    integrity sha1-wqCah6y95pVD3m9j+jmVyCbFNqI=
  
  color-string@^1.5.5, color-string@^1.9.0:
    version "1.9.1"
    resolved "https://registry.npm.alibaba-inc.com/color-string/download/color-string-1.9.1.tgz#4467f9146f036f855b764dfb5bf8582bf342c7a4"
    integrity sha512-shrVawQFojnZv6xM40anx4CkoDP+fZsw/ZerEMsW/pyzsRbElpsL/DBVW7q3ExxwusdNXI3lXpuhEZkzs8p5Eg==
    dependencies:
      color-name "^1.0.0"
      simple-swizzle "^0.2.2"
  
  color@^4.2.3:
    version "4.2.3"
    resolved "https://registry.npm.alibaba-inc.com/color/download/color-4.2.3.tgz#d781ecb5e57224ee43ea9627560107c0e0c6463a"
    integrity sha512-1rXeuUUiGGrykh+CeBdu5Ie7OJwinCgQY0bc7GCRxy5xVHy+moaqkpL/jqQq0MtQOeYcrqEz4abc5f0KtU7W4A==
    dependencies:
      color-convert "^2.0.1"
      color-string "^1.9.0"
  
  comlink@^4.3.1, comlink@^4.4.1:
    version "4.4.1"
    resolved "https://registry.npm.alibaba-inc.com/comlink/download/comlink-4.4.1.tgz#e568b8e86410b809e8600eb2cf40c189371ef981"
    integrity sha512-+1dlx0aY5Jo1vHy/tSsIGpSkN4tS9rZSW8FIhG0JH/crs9wwweswIo/POr451r7bZww3hFbPAKnTpimzL/mm4Q==
  
  csstype@^3.0.8:
    version "3.1.2"
    resolved "https://registry.npm.alibaba-inc.com/csstype/download/csstype-3.1.2.tgz#1d4bf9d572f11c14031f0436e1c10bc1f571f50b"
    integrity sha512-I7K1Uu0MBPzaFKg4nI5Q7Vs2t+3gWWW648spaF+Rg7pI9ds18Ugn+lvg4SHczUdKlHI5LWBXyqfS8+DufyBsgQ==
  
  d3-color@^1.4.0:
    version "1.4.1"
    resolved "https://registry.npm.alibaba-inc.com/d3-color/download/d3-color-1.4.1.tgz#c52002bf8846ada4424d55d97982fef26eb3bc8a"
    integrity sha1-xSACv4hGraRCTVXZeYL+8m6zvIo=
  
  "d3-dispatch@1 - 3":
    version "3.0.1"
    resolved "https://registry.npm.alibaba-inc.com/d3-dispatch/download/d3-dispatch-3.0.1.tgz#5fc75284e9c2375c36c839411a0cf550cbfc4d5e"
    integrity sha1-X8dShOnCN1w2yDlBGgz1UMv8TV4=
  
  d3-force@^3.0.0:
    version "3.0.0"
    resolved "https://registry.npm.alibaba-inc.com/d3-force/download/d3-force-3.0.0.tgz#3e2ba1a61e70888fe3d9194e30d6d14eece155c4"
    integrity sha1-Piuhph5wiI/j2RlOMNbRTuzhVcQ=
    dependencies:
      d3-dispatch "1 - 3"
      d3-quadtree "1 - 3"
      d3-timer "1 - 3"
  
  d3-octree@^1.0.2:
    version "1.0.2"
    resolved "https://registry.npm.alibaba-inc.com/d3-octree/download/d3-octree-1.0.2.tgz#b39026b82701e45c7163e34ee056dc492035a017"
    integrity sha512-Qxg4oirJrNXauiuC94uKMbgxwnhdda9xRLl9ihq45srlJ4Ga3CSgqGcAL8iW7N5CIv4Oz8x3E734ulxyvHPvwA==
  
  "d3-quadtree@1 - 3", d3-quadtree@^3.0.1:
    version "3.0.1"
    resolved "https://registry.npm.alibaba-inc.com/d3-quadtree/download/d3-quadtree-3.0.1.tgz#6dca3e8be2b393c9a9d514dabbd80a92deef1a4f"
    integrity sha1-bco+i+Kzk8mp1RTau9gKkt7vGk8=
  
  "d3-timer@1 - 3":
    version "3.0.1"
    resolved "https://registry.npm.alibaba-inc.com/d3-timer/download/d3-timer-3.0.1.tgz#6284d2a2708285b1abb7e201eda4380af35e63b0"
    integrity sha1-YoTSonCChbGrt+IB7aQ4CvNeY7A=
  
  earcut@^2.2.3:
    version "2.2.4"
    resolved "https://registry.npm.alibaba-inc.com/earcut/download/earcut-2.2.4.tgz#6d02fd4d68160c114825d06890a92ecaae60343a"
    integrity sha512-/pjZsA1b4RPHbeWZQn66SWS8nZZWLQQ23oE3Eam7aroEFGEvwKAsJfZ9ytiEMycfzXWpca4FA9QIOehf7PocBQ==
  
  esbuild-android-64@0.14.54:
    version "0.14.54"
    resolved "https://registry.npm.alibaba-inc.com/esbuild-android-64/download/esbuild-android-64-0.14.54.tgz#505f41832884313bbaffb27704b8bcaa2d8616be"
    integrity sha512-Tz2++Aqqz0rJ7kYBfz+iqyE3QMycD4vk7LBRyWaAVFgFtQ/O8EJOnVmTOiDWYZ/uYzB4kvP+bqejYdVKzE5lAQ==
  
  esbuild-android-arm64@0.14.54:
    version "0.14.54"
    resolved "https://registry.npm.alibaba-inc.com/esbuild-android-arm64/download/esbuild-android-arm64-0.14.54.tgz#8ce69d7caba49646e009968fe5754a21a9871771"
    integrity sha512-F9E+/QDi9sSkLaClO8SOV6etqPd+5DgJje1F9lOWoNncDdOBL2YF59IhsWATSt0TLZbYCf3pNlTHvVV5VfHdvg==
  
  esbuild-darwin-64@0.14.54:
    version "0.14.54"
    resolved "https://registry.npm.alibaba-inc.com/esbuild-darwin-64/download/esbuild-darwin-64-0.14.54.tgz#24ba67b9a8cb890a3c08d9018f887cc221cdda25"
    integrity sha512-jtdKWV3nBviOd5v4hOpkVmpxsBy90CGzebpbO9beiqUYVMBtSc0AL9zGftFuBon7PNDcdvNCEuQqw2x0wP9yug==
  
  esbuild-darwin-arm64@0.14.54:
    version "0.14.54"
    resolved "https://registry.npm.alibaba-inc.com/esbuild-darwin-arm64/download/esbuild-darwin-arm64-0.14.54.tgz#3f7cdb78888ee05e488d250a2bdaab1fa671bf73"
    integrity sha512-OPafJHD2oUPyvJMrsCvDGkRrVCar5aVyHfWGQzY1dWnzErjrDuSETxwA2HSsyg2jORLY8yBfzc1MIpUkXlctmw==
  
  esbuild-freebsd-64@0.14.54:
    version "0.14.54"
    resolved "https://registry.npm.alibaba-inc.com/esbuild-freebsd-64/download/esbuild-freebsd-64-0.14.54.tgz#09250f997a56ed4650f3e1979c905ffc40bbe94d"
    integrity sha512-OKwd4gmwHqOTp4mOGZKe/XUlbDJ4Q9TjX0hMPIDBUWWu/kwhBAudJdBoxnjNf9ocIB6GN6CPowYpR/hRCbSYAg==
  
  esbuild-freebsd-arm64@0.14.54:
    version "0.14.54"
    resolved "https://registry.npm.alibaba-inc.com/esbuild-freebsd-arm64/download/esbuild-freebsd-arm64-0.14.54.tgz#bafb46ed04fc5f97cbdb016d86947a79579f8e48"
    integrity sha512-sFwueGr7OvIFiQT6WeG0jRLjkjdqWWSrfbVwZp8iMP+8UHEHRBvlaxL6IuKNDwAozNUmbb8nIMXa7oAOARGs1Q==
  
  esbuild-linux-32@0.14.54:
    version "0.14.54"
    resolved "https://registry.npm.alibaba-inc.com/esbuild-linux-32/download/esbuild-linux-32-0.14.54.tgz#e2a8c4a8efdc355405325033fcebeb941f781fe5"
    integrity sha512-1ZuY+JDI//WmklKlBgJnglpUL1owm2OX+8E1syCD6UAxcMM/XoWd76OHSjl/0MR0LisSAXDqgjT3uJqT67O3qw==
  
  esbuild-linux-64@0.14.54:
    version "0.14.54"
    resolved "https://registry.npm.alibaba-inc.com/esbuild-linux-64/download/esbuild-linux-64-0.14.54.tgz#de5fdba1c95666cf72369f52b40b03be71226652"
    integrity sha512-EgjAgH5HwTbtNsTqQOXWApBaPVdDn7XcK+/PtJwZLT1UmpLoznPd8c5CxqsH2dQK3j05YsB3L17T8vE7cp4cCg==
  
  esbuild-linux-arm64@0.14.54:
    version "0.14.54"
    resolved "https://registry.npm.alibaba-inc.com/esbuild-linux-arm64/download/esbuild-linux-arm64-0.14.54.tgz#dae4cd42ae9787468b6a5c158da4c84e83b0ce8b"
    integrity sha512-WL71L+0Rwv+Gv/HTmxTEmpv0UgmxYa5ftZILVi2QmZBgX3q7+tDeOQNqGtdXSdsL8TQi1vIaVFHUPDe0O0kdig==
  
  esbuild-linux-arm@0.14.54:
    version "0.14.54"
    resolved "https://registry.npm.alibaba-inc.com/esbuild-linux-arm/download/esbuild-linux-arm-0.14.54.tgz#a2c1dff6d0f21dbe8fc6998a122675533ddfcd59"
    integrity sha512-qqz/SjemQhVMTnvcLGoLOdFpCYbz4v4fUo+TfsWG+1aOu70/80RV6bgNpR2JCrppV2moUQkww+6bWxXRL9YMGw==
  
  esbuild-linux-mips64le@0.14.54:
    version "0.14.54"
    resolved "https://registry.npm.alibaba-inc.com/esbuild-linux-mips64le/download/esbuild-linux-mips64le-0.14.54.tgz#d9918e9e4cb972f8d6dae8e8655bf9ee131eda34"
    integrity sha512-qTHGQB8D1etd0u1+sB6p0ikLKRVuCWhYQhAHRPkO+OF3I/iSlTKNNS0Lh2Oc0g0UFGguaFZZiPJdJey3AGpAlw==
  
  esbuild-linux-ppc64le@0.14.54:
    version "0.14.54"
    resolved "https://registry.npm.alibaba-inc.com/esbuild-linux-ppc64le/download/esbuild-linux-ppc64le-0.14.54.tgz#3f9a0f6d41073fb1a640680845c7de52995f137e"
    integrity sha512-j3OMlzHiqwZBDPRCDFKcx595XVfOfOnv68Ax3U4UKZ3MTYQB5Yz3X1mn5GnodEVYzhtZgxEBidLWeIs8FDSfrQ==
  
  esbuild-linux-riscv64@0.14.54:
    version "0.14.54"
    resolved "https://registry.npm.alibaba-inc.com/esbuild-linux-riscv64/download/esbuild-linux-riscv64-0.14.54.tgz#618853c028178a61837bc799d2013d4695e451c8"
    integrity sha512-y7Vt7Wl9dkOGZjxQZnDAqqn+XOqFD7IMWiewY5SPlNlzMX39ocPQlOaoxvT4FllA5viyV26/QzHtvTjVNOxHZg==
  
  esbuild-linux-s390x@0.14.54:
    version "0.14.54"
    resolved "https://registry.npm.alibaba-inc.com/esbuild-linux-s390x/download/esbuild-linux-s390x-0.14.54.tgz#d1885c4c5a76bbb5a0fe182e2c8c60eb9e29f2a6"
    integrity sha512-zaHpW9dziAsi7lRcyV4r8dhfG1qBidQWUXweUjnw+lliChJqQr+6XD71K41oEIC3Mx1KStovEmlzm+MkGZHnHA==
  
  esbuild-netbsd-64@0.14.54:
    version "0.14.54"
    resolved "https://registry.npm.alibaba-inc.com/esbuild-netbsd-64/download/esbuild-netbsd-64-0.14.54.tgz#69ae917a2ff241b7df1dbf22baf04bd330349e81"
    integrity sha512-PR01lmIMnfJTgeU9VJTDY9ZerDWVFIUzAtJuDHwwceppW7cQWjBBqP48NdeRtoP04/AtO9a7w3viI+PIDr6d+w==
  
  esbuild-openbsd-64@0.14.54:
    version "0.14.54"
    resolved "https://registry.npm.alibaba-inc.com/esbuild-openbsd-64/download/esbuild-openbsd-64-0.14.54.tgz#db4c8495287a350a6790de22edea247a57c5d47b"
    integrity sha512-Qyk7ikT2o7Wu76UsvvDS5q0amJvmRzDyVlL0qf5VLsLchjCa1+IAvd8kTBgUxD7VBUUVgItLkk609ZHUc1oCaw==
  
  esbuild-sunos-64@0.14.54:
    version "0.14.54"
    resolved "https://registry.npm.alibaba-inc.com/esbuild-sunos-64/download/esbuild-sunos-64-0.14.54.tgz#54287ee3da73d3844b721c21bc80c1dc7e1bf7da"
    integrity sha512-28GZ24KmMSeKi5ueWzMcco6EBHStL3B6ubM7M51RmPwXQGLe0teBGJocmWhgwccA1GeFXqxzILIxXpHbl9Q/Kw==
  
  esbuild-windows-32@0.14.54:
    version "0.14.54"
    resolved "https://registry.npm.alibaba-inc.com/esbuild-windows-32/download/esbuild-windows-32-0.14.54.tgz#f8aaf9a5667630b40f0fb3aa37bf01bbd340ce31"
    integrity sha512-T+rdZW19ql9MjS7pixmZYVObd9G7kcaZo+sETqNH4RCkuuYSuv9AGHUVnPoP9hhuE1WM1ZimHz1CIBHBboLU7w==
  
  esbuild-windows-64@0.14.54:
    version "0.14.54"
    resolved "https://registry.npm.alibaba-inc.com/esbuild-windows-64/download/esbuild-windows-64-0.14.54.tgz#bf54b51bd3e9b0f1886ffdb224a4176031ea0af4"
    integrity sha512-AoHTRBUuYwXtZhjXZbA1pGfTo8cJo3vZIcWGLiUcTNgHpJJMC1rVA44ZereBHMJtotyN71S8Qw0npiCIkW96cQ==
  
  esbuild-windows-arm64@0.14.54:
    version "0.14.54"
    resolved "https://registry.npm.alibaba-inc.com/esbuild-windows-arm64/download/esbuild-windows-arm64-0.14.54.tgz#937d15675a15e4b0e4fafdbaa3a01a776a2be982"
    integrity sha512-M0kuUvXhot1zOISQGXwWn6YtS+Y/1RT9WrVIOywZnJHo3jCDyewAc79aKNQWFCQm+xNHVTq9h8dZKvygoXQQRg==
  
  esbuild@^0.14.27:
    version "0.14.54"
    resolved "https://registry.npm.alibaba-inc.com/esbuild/download/esbuild-0.14.54.tgz#8b44dcf2b0f1a66fc22459943dccf477535e9aa2"
    integrity sha512-Cy9llcy8DvET5uznocPyqL3BFRrFXSVqbgpMJ9Wz8oVjZlh/zUSNbPRbov0VX7VxN2JH1Oa0uNxZ7eLRb62pJA==
    optionalDependencies:
      "@esbuild/linux-loong64" "0.14.54"
      esbuild-android-64 "0.14.54"
      esbuild-android-arm64 "0.14.54"
      esbuild-darwin-64 "0.14.54"
      esbuild-darwin-arm64 "0.14.54"
      esbuild-freebsd-64 "0.14.54"
      esbuild-freebsd-arm64 "0.14.54"
      esbuild-linux-32 "0.14.54"
      esbuild-linux-64 "0.14.54"
      esbuild-linux-arm "0.14.54"
      esbuild-linux-arm64 "0.14.54"
      esbuild-linux-mips64le "0.14.54"
      esbuild-linux-ppc64le "0.14.54"
      esbuild-linux-riscv64 "0.14.54"
      esbuild-linux-s390x "0.14.54"
      esbuild-netbsd-64 "0.14.54"
      esbuild-openbsd-64 "0.14.54"
      esbuild-sunos-64 "0.14.54"
      esbuild-windows-32 "0.14.54"
      esbuild-windows-64 "0.14.54"
      esbuild-windows-arm64 "0.14.54"
  
  eventemitter3@^4.0.0:
    version "4.0.7"
    resolved "https://registry.npm.alibaba-inc.com/eventemitter3/download/eventemitter3-4.0.7.tgz#2de9b68f6528d5644ef5c59526a1b4a07306169f"
    integrity sha1-Lem2j2Uo1WRO9cWVJqG0oHMGFp8=
  
  eventemitter3@^5.0.1:
    version "5.0.1"
    resolved "https://registry.npm.alibaba-inc.com/eventemitter3/download/eventemitter3-5.0.1.tgz#53f5ffd0a492ac800721bb42c66b841de96423c4"
    integrity sha512-GWkBvjiSZK87ELrYOSESUYeVIc9mvLLf/nXalMOS5dYrgZq9o5OVkbZAVM06CVxYsCwH9BDZFPlQTlPA1j4ahA==
  
  events@^3.3.0:
    version "3.3.0"
    resolved "https://registry.npm.alibaba-inc.com/events/download/events-3.3.0.tgz#31a95ad0a924e2d2c419a813aeb2c4e878ea7400"
    integrity sha1-Mala0Kkk4tLEGagTrrLE6HjqdAA=
  
  fast-deep-equal@^3.1.3:
    version "3.1.3"
    resolved "https://registry.npm.alibaba-inc.com/fast-deep-equal/download/fast-deep-equal-3.1.3.tgz#3a7d56b559d6cbc3eb512325244e619a65c6c525"
    integrity sha1-On1WtVnWy8PrUSMlJE5hmmXGxSU=
  
  fecha@^4.2.1:
    version "4.2.3"
    resolved "https://registry.npm.alibaba-inc.com/fecha/download/fecha-4.2.3.tgz#4d9ccdbc61e8629b259fdca67e65891448d569fd"
    integrity sha512-OP2IUU6HeYKJi3i0z4A19kHMQoLVs4Hc+DPqqxI2h/DPZHTm/vjsfC6P0b4jCMy14XizLBqvndQ+UilD7707Jw==
  
  flru@^1.0.2:
    version "1.0.2"
    resolved "https://registry.npm.alibaba-inc.com/flru/download/flru-1.0.2.tgz#1ae514c62b8b035ffff9ca9e4563ddcc817f4845"
    integrity sha1-GuUUxiuLA1//+cqeRWPdzIF/SEU=
  
  fsevents@~2.3.2:
    version "2.3.3"
    resolved "https://registry.npm.alibaba-inc.com/fsevents/download/fsevents-2.3.3.tgz#cac6407785d03675a2a5e1a5305c697b347d90d6"
    integrity sha512-5xoDfX+fL7faATnagmWPpbFtwh/R77WmMMqqHGS65C3vvB0YHrgF+B1YmZ3441tMj5n63k0212XNoJwzlhffQw==
  
  function-bind@^1.1.1:
    version "1.1.1"
    resolved "https://registry.npm.alibaba-inc.com/function-bind/download/function-bind-1.1.1.tgz#a56899d3ea3c9bab874bb9773b7c5ede92f4895d"
    integrity sha1-pWiZ0+o8m6uHS7l3O3xe3pL0iV0=
  
  gl-matrix@^3.1.0, gl-matrix@^3.3.0, gl-matrix@^3.4.3:
    version "3.4.3"
    resolved "https://registry.npm.alibaba-inc.com/gl-matrix/download/gl-matrix-3.4.3.tgz#fc1191e8320009fd4d20e9339595c6041ddc22c9"
    integrity sha1-/BGR6DIACf1NIOkzlZXGBB3cIsk=
  
  gl-vec2@^1.3.0:
    version "1.3.0"
    resolved "https://registry.npm.alibaba-inc.com/gl-vec2/download/gl-vec2-1.3.0.tgz#83d472ed46034de8e09cbc857123fb6c81c51199"
    integrity sha1-g9Ry7UYDTejgnLyFcSP7bIHFEZk=
  
  graphology-utils@^2.5.0:
    version "2.5.2"
    resolved "https://registry.npm.alibaba-inc.com/graphology-utils/download/graphology-utils-2.5.2.tgz#4d30d6e567d27c01f105e1494af816742e8d2440"
    integrity sha512-ckHg8MXrXJkOARk56ZaSCM1g1Wihe2d6iTmz1enGOz4W/l831MBCKSayeFQfowgF8wd+PQ4rlch/56Vs/VZLDQ==
  
  graphology@^0.23.2:
    version "0.23.2"
    resolved "https://registry.npm.alibaba-inc.com/graphology/download/graphology-0.23.2.tgz#b09a33a9408a7615c3c9cff98e7404cc70a21820"
    integrity sha512-RHcLpAP4M+KPShLQEvgkT1Y4vxl+FFbmmy3D0mupO+VXIuYC8zdmMcHs40D9m3mmN067zGS+lUaHjDq06Td7PQ==
    dependencies:
      events "^3.3.0"
      obliterator "^2.0.0"
  
  hammerjs@^2.0.8:
    version "2.0.8"
    resolved "https://registry.npm.alibaba-inc.com/hammerjs/download/hammerjs-2.0.8.tgz#04ef77862cff2bb79d30f7692095930222bf60f1"
    integrity sha1-BO93hiz/K7edMPdpIJWTAiK/YPE=
  
  has@^1.0.3:
    version "1.0.3"
    resolved "https://registry.npm.alibaba-inc.com/has/download/has-1.0.3.tgz#722d7cbfc1f6aa8241f16dd814e011e1f41e8796"
    integrity sha1-ci18v8H2qoJB8W3YFOAR4fQeh5Y=
    dependencies:
      function-bind "^1.1.1"
  
  insert-css@^2.0.0:
    version "2.0.0"
    resolved "https://registry.npm.alibaba-inc.com/insert-css/download/insert-css-2.0.0.tgz#eb5d1097b7542f4c79ea3060d3aee07d053880f4"
    integrity sha1-610Ql7dUL0x56jBg067gfQU4gPQ=
  
  is-any-array@^2.0.0, is-any-array@^2.0.1:
    version "2.0.1"
    resolved "https://registry.npm.alibaba-inc.com/is-any-array/download/is-any-array-2.0.1.tgz#9233242a9c098220290aa2ec28f82ca7fa79899e"
    integrity sha512-UtilS7hLRu++wb/WBAw9bNuP1Eg04Ivn1vERJck8zJthEvXCBEBpGR/33u/xLKWEQf95803oalHrVDptcAvFdQ==
  
  is-arrayish@^0.3.1:
    version "0.3.2"
    resolved "https://registry.npm.alibaba-inc.com/is-arrayish/download/is-arrayish-0.3.2.tgz#4574a2ae56f7ab206896fb431eaeed066fdf8f03"
    integrity sha1-RXSirlb3qyBolvtDHq7tBm/fjwM=
  
  is-core-module@^2.13.0:
    version "2.13.0"
    resolved "https://registry.npm.alibaba-inc.com/is-core-module/download/is-core-module-2.13.0.tgz#bb52aa6e2cbd49a30c2ba68c42bf3435ba6072db"
    integrity sha512-Z7dk6Qo8pOCp3l4tsX2C5ZVas4V+UxwQodwZhLopL91TX8UyyHEXafPcyoeeWuLrwzHcr3igO78wNLwHJHsMCQ==
    dependencies:
      has "^1.0.3"
  
  lodash@^4.17.15:
    version "4.17.21"
    resolved "https://registry.npm.alibaba-inc.com/lodash/download/lodash-4.17.21.tgz#679591c564c3bffaae8454cf0b3df370c3d6911c"
    integrity sha1-Z5WRxWTDv/quhFTPCz3zcMPWkRw=
  
  ml-array-max@^1.2.4:
    version "1.2.4"
    resolved "https://registry.npm.alibaba-inc.com/ml-array-max/download/ml-array-max-1.2.4.tgz#2373e2b7e51c8807e456cc0ef364c5863713623b"
    integrity sha512-BlEeg80jI0tW6WaPyGxf5Sa4sqvcyY6lbSn5Vcv44lp1I2GR6AWojfUvLnGTNsIXrZ8uqWmo8VcG1WpkI2ONMQ==
    dependencies:
      is-any-array "^2.0.0"
  
  ml-array-min@^1.2.3:
    version "1.2.3"
    resolved "https://registry.npm.alibaba-inc.com/ml-array-min/download/ml-array-min-1.2.3.tgz#662f027c400105816b849cc3cd786915d0801495"
    integrity sha512-VcZ5f3VZ1iihtrGvgfh/q0XlMobG6GQ8FsNyQXD3T+IlstDv85g8kfV0xUG1QPRO/t21aukaJowDzMTc7j5V6Q==
    dependencies:
      is-any-array "^2.0.0"
  
  ml-array-rescale@^1.3.7:
    version "1.3.7"
    resolved "https://registry.npm.alibaba-inc.com/ml-array-rescale/download/ml-array-rescale-1.3.7.tgz#c4d129320d113a732e62dd963dc1695bba9a5340"
    integrity sha512-48NGChTouvEo9KBctDfHC3udWnQKNKEWN0ziELvY3KG25GR5cA8K8wNVzracsqSW1QEkAXjTNx+ycgAv06/1mQ==
    dependencies:
      is-any-array "^2.0.0"
      ml-array-max "^1.2.4"
      ml-array-min "^1.2.3"
  
  ml-matrix@^6.10.4:
    version "6.10.5"
    resolved "https://registry.npm.alibaba-inc.com/ml-matrix/download/ml-matrix-6.10.5.tgz#96210951b44c930e75181822f0a3f8e166b54ecc"
    integrity sha512-3RNGo8Ls3JR/f+8t0pNrvoDW6SmLNDBpQN6FzkFvNx7FJ3GL7Ic1kdxlDYavU3pRwxJFgBrRwZ0FwE+JjX+tvQ==
    dependencies:
      is-any-array "^2.0.1"
      ml-array-rescale "^1.3.7"
  
  nanoid@^3.3.6:
    version "3.3.6"
    resolved "https://registry.npm.alibaba-inc.com/nanoid/download/nanoid-3.3.6.tgz#443380c856d6e9f9824267d960b4236ad583ea4c"
    integrity sha512-BGcqMMJuToF7i1rt+2PWSNVnWIkGCU78jBG3RxO/bZlnZPK2Cmi2QaffxGO/2RvWi9sL+FAiRiXMgsyxQ1DIDA==
  
  obliterator@^2.0.0:
    version "2.0.4"
    resolved "https://registry.npm.alibaba-inc.com/obliterator/download/obliterator-2.0.4.tgz#fa650e019b2d075d745e44f1effeb13a2adbe816"
    integrity sha512-lgHwxlxV1qIg1Eap7LgIeoBWIMFibOjbrYPIPJZcI1mmGAI2m3lNYpK12Y+GBdPQ0U1hRwSord7GIaawz962qQ==
  
  path-parse@^1.0.7:
    version "1.0.7"
    resolved "https://registry.npm.alibaba-inc.com/path-parse/download/path-parse-1.0.7.tgz#fbc114b60ca42b30d9daf5858e4bd68bbedb6735"
    integrity sha1-+8EUtgykKzDZ2vWFjkvWi77bZzU=
  
  picocolors@^1.0.0:
    version "1.0.0"
    resolved "https://registry.npm.alibaba-inc.com/picocolors/download/picocolors-1.0.0.tgz#cb5bdc74ff3f51892236eaf79d68bc44564ab81c"
    integrity sha1-y1vcdP8/UYkiNur3nWi8RFZKuBw=
  
  postcss@^8.4.13:
    version "8.4.31"
    resolved "https://registry.npm.alibaba-inc.com/postcss/download/postcss-8.4.31.tgz#92b451050a9f914da6755af352bdc0192508656d"
    integrity sha512-PS08Iboia9mts/2ygV3eLpY5ghnUcfLV/EXTOW1E2qYxJKGGBUtNjN76FYHnMs36RmARn41bC0AZmn+rR0OVpQ==
    dependencies:
      nanoid "^3.3.6"
      picocolors "^1.0.0"
      source-map-js "^1.0.2"
  
  probe.gl@^3.1.1:
    version "3.6.0"
    resolved "https://registry.npm.alibaba-inc.com/probe.gl/download/probe.gl-3.6.0.tgz#e816234412b27a70b9be029cb82c8cf96cd72659"
    integrity sha512-19JydJWI7+DtR4feV+pu4Mn1I5TAc0xojuxVgZdXIyfmTLfUaFnk4OloWK1bKbPtkgGKLr2lnbnCXmpZEcEp9g==
    dependencies:
      "@babel/runtime" "^7.0.0"
      "@probe.gl/env" "3.6.0"
      "@probe.gl/log" "3.6.0"
      "@probe.gl/stats" "3.6.0"
  
  quickselect@^2.0.0:
    version "2.0.0"
    resolved "https://registry.npm.alibaba-inc.com/quickselect/download/quickselect-2.0.0.tgz#f19680a486a5eefb581303e023e98faaf25dd018"
    integrity sha1-8ZaApIal7vtYEwPgI+mPqvJd0Bg=
  
  rbush@^3.0.1:
    version "3.0.1"
    resolved "https://registry.npm.alibaba-inc.com/rbush/download/rbush-3.0.1.tgz#5fafa8a79b3b9afdfe5008403a720cc1de882ecf"
    integrity sha1-X6+op5s7mv3+UAhAOnIMwd6ILs8=
    dependencies:
      quickselect "^2.0.0"
  
  regenerator-runtime@^0.14.0:
    version "0.14.0"
    resolved "https://registry.npm.alibaba-inc.com/regenerator-runtime/download/regenerator-runtime-0.14.0.tgz#5e19d68eb12d486f797e15a3c6a918f7cec5eb45"
    integrity sha512-srw17NI0TUWHuGa5CFGGmhfNIeja30WMBfbslPNhf6JrqQlLN5gcrvig1oqPxiVaXb0oW0XRKtH6Nngs5lKCIA==
  
  regl@^1.3.11:
    version "1.7.0"
    resolved "https://registry.npm.alibaba-inc.com/regl/download/regl-1.7.0.tgz#0d185431044a356bf80e9b775b11b935ef2746d3"
    integrity sha1-DRhUMQRKNWv4Dpt3WxG5Ne8nRtM=
  
  resolve@^1.22.0:
    version "1.22.6"
    resolved "https://registry.npm.alibaba-inc.com/resolve/download/resolve-1.22.6.tgz#dd209739eca3aef739c626fea1b4f3c506195362"
    integrity sha512-njhxM7mV12JfufShqGy3Rz8j11RPdLy4xi15UurGJeoHLfJpVXKdh3ueuOqbYUcDZnffr6X739JBo5LzyahEsw==
    dependencies:
      is-core-module "^2.13.0"
      path-parse "^1.0.7"
      supports-preserve-symlinks-flag "^1.0.0"
  
  "rollup@>=2.59.0 <2.78.0":
    version "2.77.3"
    resolved "https://registry.npm.alibaba-inc.com/rollup/download/rollup-2.77.3.tgz#8f00418d3a2740036e15deb653bed1a90ee0cc12"
    integrity sha512-/qxNTG7FbmefJWoeeYJFbHehJ2HNWnjkAFRKzWN/45eNBBF/r8lo992CwcJXEzyVxs5FmfId+vTSTQDb+bxA+g==
    optionalDependencies:
      fsevents "~2.3.2"
  
  sigma@^2.0.0:
    version "2.4.0"
    resolved "https://registry.npm.alibaba-inc.com/sigma/download/sigma-2.4.0.tgz#efa213c82e8561138c9237c3a87cf15c0bbaee76"
    integrity sha512-spi4C+c3cjlhCklT+RvAxJJcarMmjRpF6RPNvBIBYDduALq8iSNm7FwSpijQNGtI+ryeZ2EfvyBNLp36OFaZiw==
    dependencies:
      "@yomguithereal/helpers" "^1.1.1"
      events "^3.3.0"
      graphology-utils "^2.5.0"
  
  simple-swizzle@^0.2.2:
    version "0.2.2"
    resolved "https://registry.npm.alibaba-inc.com/simple-swizzle/download/simple-swizzle-0.2.2.tgz#a4da6b635ffcccca33f70d17cb92592de95e557a"
    integrity sha1-pNprY1/8zMoz9w0Xy5JZLeleVXo=
    dependencies:
      is-arrayish "^0.3.1"
  
  source-map-js@^1.0.2:
    version "1.0.2"
    resolved "https://registry.npm.alibaba-inc.com/source-map-js/download/source-map-js-1.0.2.tgz#adbc361d9c62df380125e7f161f71c826f1e490c"
    integrity sha512-R0XvVJ9WusLiqTCEiGCmICCMplcCkIwwR11mOSD9CR5u+IXYdiseeEuXCVAjS54zqwkLcPNnmU4OeJ6tUrWhDw==
  
  stats.js@^0.17.0:
    version "0.17.0"
    resolved "https://registry.npm.alibaba-inc.com/stats.js/download/stats.js-0.17.0.tgz#b1c3dc46d94498b578b7fd3985b81ace7131cc7d"
    integrity sha1-scPcRtlEmLV4t/05hbgaznExzH0=
  
  supports-preserve-symlinks-flag@^1.0.0:
    version "1.0.0"
    resolved "https://registry.npm.alibaba-inc.com/supports-preserve-symlinks-flag/download/supports-preserve-symlinks-flag-1.0.0.tgz#6eda4bd344a3c94aea376d4cc31bc77311039e09"
    integrity sha512-ot0WnXS9fgdkgIcePe6RHNk1WA8+muPa6cSjeR3V8K27q9BB1rTE3R1p7Hv0z1ZyAc8s6Vvv8DIyWf681MAt0w==
  
  svg-path-parser@^1.1.0:
    version "1.1.0"
    resolved "https://registry.npm.alibaba-inc.com/svg-path-parser/download/svg-path-parser-1.1.0.tgz#e16b4b39df0d2b0d39e8347db79fdda1453a6046"
    integrity sha1-4WtLOd8NKw056DR9t5/doUU6YEY=
  
  tslib@^2.0.0, tslib@^2.0.3, tslib@^2.3.1, tslib@^2.5.0, tslib@^2.5.3:
    version "2.6.2"
    resolved "https://registry.npm.alibaba-inc.com/tslib/download/tslib-2.6.2.tgz#703ac29425e7b37cd6fd456e92404d46d1f3e4ae"
    integrity sha512-AEYxH93jGFPn/a2iVAwW87VuUIkR1FVUKB77NwMF7nBTDkDrrT/Hpt/IrCJ0QXhW27jTBDcf5ZY7w6RiqTMw2Q==
  
  vite@^2.3.3:
    version "2.9.16"
    resolved "https://registry.npm.alibaba-inc.com/vite/download/vite-2.9.16.tgz#daf7ba50f5cc37a7bf51b118ba06bc36e97898e9"
    integrity sha512-X+6q8KPyeuBvTQV8AVSnKDvXoBMnTx8zxh54sOwmmuOdxkjMmEJXH2UEchA+vTMps1xw9vL64uwJOWryULg7nA==
    dependencies:
      esbuild "^0.14.27"
      postcss "^8.4.13"
      resolve "^1.22.0"
      rollup ">=2.59.0 <2.78.0"
    optionalDependencies:
      fsevents "~2.3.2"
  
  wasm-feature-detect@^1.2.10:
    version "1.5.1"
    resolved "https://registry.npm.alibaba-inc.com/wasm-feature-detect/download/wasm-feature-detect-1.5.1.tgz#0db57a7d7f8c26b743dde85386215ae2b135e78a"
    integrity sha512-GHr23qmuehNXHY4902/hJ6EV5sUANIJC3R/yMfQ7hWDg3nfhlcJfnIL96R2ohpIwa62araN6aN4bLzzzq5GXkg==
